<?xml version="1.0" encoding="UTF-8"?>
<!-- Generated by org.testng.reporters.JUnitReportReporter -->
<testsuite hostname="MacBook-Pro.local" failures="0" tests="6" name="p1.Attriibutes" time="0.015" errors="0" timestamp="2021-01-18T21:16:08 EST" skipped="0">
  <testcase classname="p1.Attriibutes" name="m6" time="0.001"/>
  <system-out/>
  <testcase classname="p1.Attriibutes" name="m2" time="0.005"/>
  <system-out/>
  <testcase classname="p1.Attriibutes" name="m5" time="0.001"/>
  <system-out/>
  <testcase classname="p1.Attriibutes" name="m1" time="0.006"/>
  <system-out/>
  <testcase classname="p1.Attriibutes" name="m4" time="0.001"/>
  <system-out/>
  <testcase classname="p1.Attriibutes" name="m3" time="0.001"/>
  <system-out/>
</testsuite> <!-- p1.Attriibutes -->
