<?xml version="1.0" encoding="UTF-8"?>
<!-- Generated by org.testng.reporters.JUnitReportReporter -->
<testsuite hostname="MacBook-Pro.local" failures="0" tests="3" name="p1.C1" time="0.008" errors="0" timestamp="2021-01-15T20:43:40 IST" skipped="0">
  <testcase classname="p1.C1" name="m2" time="0.001"/>
  <system-out/>
  <testcase classname="p1.C1" name="m3" time="0.001"/>
  <system-out/>
  <testcase classname="p1.C1" name="m1" time="0.006"/>
  <system-out/>
</testsuite> <!-- p1.C1 -->
