<?xml version="1.0" encoding="UTF-8"?>
<!-- Generated by org.testng.reporters.JUnitReportReporter -->
<testsuite hostname="MacBook-Pro.local" failures="0" tests="2" name="p1.AnnotationsIntro" time="0.005" errors="0" timestamp="2021-01-18T21:11:54 IST" skipped="0">
  <testcase classname="p1.AnnotationsIntro" name="a" time="0.004"/>
  <system-out/>
  <testcase classname="p1.AnnotationsIntro" name="b" time="0.001"/>
  <system-out/>
</testsuite> <!-- p1.AnnotationsIntro -->
