<?xml version="1.0" encoding="UTF-8"?>
<!-- Generated by org.testng.reporters.JUnitReportReporter -->
<testsuite hostname="MacBook-Pro.local" failures="0" tests="1" name="p1.AnnotationsIntro" time="0.004" errors="0" timestamp="2021-01-15T22:33:14 EST" skipped="0">
  <testcase classname="p1.AnnotationsIntro" name="a" time="0.004"/>
  <system-out/>
</testsuite> <!-- p1.AnnotationsIntro -->
