<?xml version="1.0" encoding="UTF-8"?>
<!-- Generated by org.testng.reporters.JUnitReportReporter -->
<testsuite hostname="MacBook-Pro.local" failures="0" tests="2" name="p1.DataProviderIntro" time="0.007" errors="0" timestamp="2021-01-18T22:06:13 EST" skipped="0">
  <testcase classname="p1.DataProviderIntro" name="sum" time="0.006"/>
  <system-out/>
  <testcase classname="p1.DataProviderIntro" name="sum" time="0.001"/>
  <system-out/>
</testsuite> <!-- p1.DataProviderIntro -->
