<?xml version="1.0" encoding="UTF-8"?>
<!-- Generated by org.testng.reporters.JUnitReportReporter -->
<testsuite hostname="MacBook-Pro.local" failures="0" tests="3" name="p1.GroupsIntro" time="0.003" errors="0" timestamp="2021-01-15T22:33:14 EST" skipped="0">
  <testcase classname="p1.GroupsIntro" name="a" time="0.001"/>
  <system-out/>
  <testcase classname="p1.GroupsIntro" name="c" time="0.001"/>
  <system-out/>
  <testcase classname="p1.GroupsIntro" name="b" time="0.001"/>
  <system-out/>
</testsuite> <!-- p1.GroupsIntro -->
