<?xml version="1.0" encoding="UTF-8"?>
<!-- Generated by org.testng.reporters.JUnitReportReporter -->
<testsuite hostname="MacBook-Pro.local" failures="0" tests="2" name="p1.ParallelIntro" time="0.014" errors="0" timestamp="2021-01-18T22:21:41 EST" skipped="0">
  <testcase classname="p1.ParallelIntro" name="test4" time="0.007"/>
  <system-out/>
  <testcase classname="p1.ParallelIntro" name="test3" time="0.007"/>
  <system-out/>
</testsuite> <!-- p1.ParallelIntro -->
