<?xml version="1.0" encoding="UTF-8"?>
<!-- Generated by org.testng.reporters.JUnitReportReporter -->
<testsuite hostname="MacBook-Pro.local" failures="0" tests="4" name="p1.C2" time="0.002" errors="0" timestamp="2021-01-15T21:41:16 EST" skipped="1">
  <testcase classname="p1.C2" name="m4" time="0.001"/>
  <system-out/>
  <testcase classname="p1.C2" name="m1" time="0.000"/>
  <system-out/>
  <testcase classname="p1.C2" name="m2" time="0.001"/>
  <system-out/>
  <testcase classname="p1.C2" name="m3">
    <skipped/>
  </testcase> <!-- m3 -->
  <system-out/>
</testsuite> <!-- p1.C2 -->
