<?xml version="1.0" encoding="UTF-8"?>
<!-- Generated by org.testng.reporters.JUnitReportReporter -->
<testsuite hostname="MacBook-Pro.local" failures="0" tests="3" name="testNGIntro.FirstClass" time="0.011" errors="0" timestamp="2021-01-14T21:22:48 EST" skipped="0">
  <testcase classname="testNGIntro.FirstClass" name="m2" time="0.001"/>
  <system-out/>
  <testcase classname="testNGIntro.FirstClass" name="m3" time="0.001"/>
  <system-out/>
  <testcase classname="testNGIntro.FirstClass" name="m1" time="0.009"/>
  <system-out/>
</testsuite> <!-- testNGIntro.FirstClass -->
